<?xml version="1.0" encoding="UTF-8"?>
<testsuite name="com.example.insuredopenapi.controller.BlogControllerTest" tests="3" skipped="0" failures="0" errors="0" timestamp="2021-05-31T19:11:22" hostname="Esls-MBP" time="0.211">
  <properties/>
  <testcase name="fetchBlog()" classname="com.example.insuredopenapi.controller.BlogControllerTest" time="0.092"/>
  <testcase name="addBlog()" classname="com.example.insuredopenapi.controller.BlogControllerTest" time="0.103"/>
  <testcase name="fetchOneBlog()" classname="com.example.insuredopenapi.controller.BlogControllerTest" time="0.012"/>
  <system-out><![CDATA[20:11:17.189 [Test worker] DEBUG org.springframework.test.context.BootstrapUtils - Instantiating CacheAwareContextLoaderDelegate from class [org.springframework.test.context.cache.DefaultCacheAwareContextLoaderDelegate]
20:11:17.218 [Test worker] DEBUG org.springframework.test.context.BootstrapUtils - Instantiating BootstrapContext using constructor [public org.springframework.test.context.support.DefaultBootstrapContext(java.lang.Class,org.springframework.test.context.CacheAwareContextLoaderDelegate)]
20:11:17.284 [Test worker] DEBUG org.springframework.test.context.BootstrapUtils - Instantiating TestContextBootstrapper for test class [com.example.insuredopenapi.controller.BlogControllerTest] from class [org.springframework.boot.test.context.SpringBootTestContextBootstrapper]
20:11:17.302 [Test worker] INFO org.springframework.boot.test.context.SpringBootTestContextBootstrapper - Neither @ContextConfiguration nor @ContextHierarchy found for test class [com.example.insuredopenapi.controller.BlogControllerTest], using SpringBootContextLoader
20:11:17.309 [Test worker] DEBUG org.springframework.test.context.support.AbstractContextLoader - Did not detect default resource location for test class [com.example.insuredopenapi.controller.BlogControllerTest]: class path resource [com/example/insuredopenapi/controller/BlogControllerTest-context.xml] does not exist
20:11:17.310 [Test worker] DEBUG org.springframework.test.context.support.AbstractContextLoader - Did not detect default resource location for test class [com.example.insuredopenapi.controller.BlogControllerTest]: class path resource [com/example/insuredopenapi/controller/BlogControllerTestContext.groovy] does not exist
20:11:17.310 [Test worker] INFO org.springframework.test.context.support.AbstractContextLoader - Could not detect default resource locations for test class [com.example.insuredopenapi.controller.BlogControllerTest]: no resource found for suffixes {-context.xml, Context.groovy}.
20:11:17.311 [Test worker] INFO org.springframework.test.context.support.AnnotationConfigContextLoaderUtils - Could not detect default configuration classes for test class [com.example.insuredopenapi.controller.BlogControllerTest]: BlogControllerTest does not declare any static, non-private, non-final, nested classes annotated with @Configuration.
20:11:17.376 [Test worker] DEBUG org.springframework.test.context.support.ActiveProfilesUtils - Could not find an 'annotation declaring class' for annotation type [org.springframework.test.context.ActiveProfiles] and class [com.example.insuredopenapi.controller.BlogControllerTest]
20:11:17.472 [Test worker] DEBUG org.springframework.context.annotation.ClassPathScanningCandidateComponentProvider - Identified candidate component class: file [/Users/tolani/Documents/learn-projects/insured-open-api/build/classes/java/main/com/example/insuredopenapi/InsuredOpenApiApplication.class]
20:11:17.473 [Test worker] INFO org.springframework.boot.test.context.SpringBootTestContextBootstrapper - Found @SpringBootConfiguration com.example.insuredopenapi.InsuredOpenApiApplication for test class com.example.insuredopenapi.controller.BlogControllerTest
20:11:17.609 [Test worker] DEBUG org.springframework.boot.test.context.SpringBootTestContextBootstrapper - @TestExecutionListeners is not present for class [com.example.insuredopenapi.controller.BlogControllerTest]: using defaults.
20:11:17.610 [Test worker] INFO org.springframework.boot.test.context.SpringBootTestContextBootstrapper - Loaded default TestExecutionListener class names from location [META-INF/spring.factories]: [org.springframework.boot.test.autoconfigure.restdocs.RestDocsTestExecutionListener, org.springframework.boot.test.autoconfigure.web.client.MockRestServiceServerResetTestExecutionListener, org.springframework.boot.test.autoconfigure.web.servlet.MockMvcPrintOnlyOnFailureTestExecutionListener, org.springframework.boot.test.autoconfigure.web.servlet.WebDriverTestExecutionListener, org.springframework.boot.test.autoconfigure.webservices.client.MockWebServiceServerTestExecutionListener, org.springframework.boot.test.mock.mockito.MockitoTestExecutionListener, org.springframework.boot.test.mock.mockito.ResetMocksTestExecutionListener, org.springframework.test.context.web.ServletTestExecutionListener, org.springframework.test.context.support.DirtiesContextBeforeModesTestExecutionListener, org.springframework.test.context.event.ApplicationEventsTestExecutionListener, org.springframework.test.context.support.DependencyInjectionTestExecutionListener, org.springframework.test.context.support.DirtiesContextTestExecutionListener, org.springframework.test.context.transaction.TransactionalTestExecutionListener, org.springframework.test.context.jdbc.SqlScriptsTestExecutionListener, org.springframework.test.context.event.EventPublishingTestExecutionListener]
20:11:17.636 [Test worker] INFO org.springframework.boot.test.context.SpringBootTestContextBootstrapper - Using TestExecutionListeners: [org.springframework.test.context.web.ServletTestExecutionListener@372264a6, org.springframework.test.context.support.DirtiesContextBeforeModesTestExecutionListener@411424c4, org.springframework.test.context.event.ApplicationEventsTestExecutionListener@c11af64, org.springframework.boot.test.mock.mockito.MockitoTestExecutionListener@66032615, org.springframework.boot.test.autoconfigure.SpringBootDependencyInjectionTestExecutionListener@42206927, org.springframework.test.context.support.DirtiesContextTestExecutionListener@227247a3, org.springframework.test.context.transaction.TransactionalTestExecutionListener@2319b606, org.springframework.test.context.jdbc.SqlScriptsTestExecutionListener@5cd51ffe, org.springframework.test.context.event.EventPublishingTestExecutionListener@1d7d2c12, org.springframework.boot.test.autoconfigure.restdocs.RestDocsTestExecutionListener@2d022f41, org.springframework.boot.test.autoconfigure.web.client.MockRestServiceServerResetTestExecutionListener@43c51561, org.springframework.boot.test.autoconfigure.web.servlet.MockMvcPrintOnlyOnFailureTestExecutionListener@371bc808, org.springframework.boot.test.autoconfigure.web.servlet.WebDriverTestExecutionListener@43726f45, org.springframework.boot.test.autoconfigure.webservices.client.MockWebServiceServerTestExecutionListener@7fb6384d, org.springframework.boot.test.mock.mockito.ResetMocksTestExecutionListener@143354c7]
20:11:17.641 [Test worker] DEBUG org.springframework.test.context.support.AbstractDirtiesContextTestExecutionListener - Before test class: context [DefaultTestContext@444573dc testClass = BlogControllerTest, testInstance = [null], testMethod = [null], testException = [null], mergedContextConfiguration = [WebMergedContextConfiguration@67372570 testClass = BlogControllerTest, locations = '{}', classes = '{class com.example.insuredopenapi.InsuredOpenApiApplication}', contextInitializerClasses = '[]', activeProfiles = '{}', propertySourceLocations = '{}', propertySourceProperties = '{org.springframework.boot.test.context.SpringBootTestContextBootstrapper=true}', contextCustomizers = set[org.springframework.boot.test.autoconfigure.actuate.metrics.MetricsExportContextCustomizerFactory$DisableMetricExportContextCustomizer@7a82d6e6, org.springframework.boot.test.autoconfigure.properties.PropertyMappingContextCustomizer@0, org.springframework.boot.test.autoconfigure.web.servlet.WebDriverContextCustomizerFactory$Customizer@1bb6f36c, org.springframework.boot.test.context.filter.ExcludeFilterContextCustomizer@4be7dbdd, org.springframework.boot.test.json.DuplicateJsonObjectContextCustomizerFactory$DuplicateJsonObjectContextCustomizer@4a33074a, org.springframework.boot.test.mock.mockito.MockitoContextCustomizer@0, org.springframework.boot.test.web.client.TestRestTemplateContextCustomizer@46cf0417, org.springframework.boot.test.context.SpringBootTestArgs@1, org.springframework.boot.test.context.SpringBootTestWebEnvironment@4ea41f03], resourceBasePath = 'src/main/webapp', contextLoader = 'org.springframework.boot.test.context.SpringBootContextLoader', parent = [null]], attributes = map['org.springframework.test.context.web.ServletTestExecutionListener.activateListener' -> true]], class annotated with @DirtiesContext [false] with mode [null].
20:11:17.721 [Test worker] DEBUG org.springframework.test.context.support.TestPropertySourceUtils - Adding inlined properties to environment: {spring.jmx.enabled=false, org.springframework.boot.test.context.SpringBootTestContextBootstrapper=true}

  .   ____          _            __ _ _
 /\\ / ___'_ __ _ _(_)_ __  __ _ \ \ \ \
( ( )\___ | '_ | '_| | '_ \/ _` | \ \ \ \
 \\/  ___)| |_)| | | | | || (_| |  ) ) ) )
  '  |____| .__|_| |_|_| |_\__, | / / / /
 =========|_|==============|___/=/_/_/_/
 :: Spring Boot ::                (v2.5.0)

2021-05-31 20:11:18.040  INFO 13245 --- [    Test worker] c.e.i.controller.BlogControllerTest      : Starting BlogControllerTest using Java 15.0.2 on Esls-MBP with PID 13245 (started by eslcloud in /Users/tolani/Documents/learn-projects/insured-open-api)
2021-05-31 20:11:18.042  INFO 13245 --- [    Test worker] c.e.i.controller.BlogControllerTest      : No active profile set, falling back to default profiles: default
2021-05-31 20:11:18.734  INFO 13245 --- [    Test worker] .s.d.r.c.RepositoryConfigurationDelegate : Bootstrapping Spring Data JPA repositories in DEFAULT mode.
2021-05-31 20:11:18.786  INFO 13245 --- [    Test worker] .s.d.r.c.RepositoryConfigurationDelegate : Finished Spring Data repository scanning in 43 ms. Found 1 JPA repository interfaces.
2021-05-31 20:11:19.400  INFO 13245 --- [    Test worker] o.hibernate.jpa.internal.util.LogHelper  : HHH000204: Processing PersistenceUnitInfo [name: default]
2021-05-31 20:11:19.486  INFO 13245 --- [    Test worker] org.hibernate.Version                    : HHH000412: Hibernate ORM core version 5.4.31.Final
2021-05-31 20:11:19.660  INFO 13245 --- [    Test worker] o.hibernate.annotations.common.Version   : HCANN000001: Hibernate Commons Annotations {5.1.2.Final}
2021-05-31 20:11:19.808  INFO 13245 --- [    Test worker] com.zaxxer.hikari.HikariDataSource       : HikariPool-1 - Starting...
2021-05-31 20:11:20.093  INFO 13245 --- [    Test worker] com.zaxxer.hikari.HikariDataSource       : HikariPool-1 - Start completed.
2021-05-31 20:11:20.138  INFO 13245 --- [    Test worker] org.hibernate.dialect.Dialect            : HHH000400: Using dialect: org.hibernate.dialect.H2Dialect
2021-05-31 20:11:20.907  INFO 13245 --- [    Test worker] o.h.e.t.j.p.i.JtaPlatformInitiator       : HHH000490: Using JtaPlatform implementation: [org.hibernate.engine.transaction.jta.platform.internal.NoJtaPlatform]
2021-05-31 20:11:20.921  INFO 13245 --- [    Test worker] j.LocalContainerEntityManagerFactoryBean : Initialized JPA EntityManagerFactory for persistence unit 'default'
2021-05-31 20:11:21.447  WARN 13245 --- [    Test worker] JpaBaseConfiguration$JpaWebConfiguration : spring.jpa.open-in-view is enabled by default. Therefore, database queries may be performed during view rendering. Explicitly configure spring.jpa.open-in-view to disable this warning
2021-05-31 20:11:22.016  INFO 13245 --- [    Test worker] c.e.i.controller.BlogControllerTest      : Started BlogControllerTest in 4.285 seconds (JVM running for 6.193)
2021-05-31 20:11:22.018  INFO 13245 --- [    Test worker] o.s.b.a.ApplicationAvailabilityBean      : Application availability state LivenessState changed to CORRECT
2021-05-31 20:11:22.019  INFO 13245 --- [    Test worker] o.s.b.a.ApplicationAvailabilityBean      : Application availability state ReadinessState changed to ACCEPTING_TRAFFIC
2021-05-31 20:11:22.305  INFO 13245 --- [    Test worker] o.s.mock.web.MockServletContext          : Initializing Spring TestDispatcherServlet ''
2021-05-31 20:11:22.305  INFO 13245 --- [    Test worker] o.s.t.web.servlet.TestDispatcherServlet  : Initializing Servlet ''
2021-05-31 20:11:22.305  INFO 13245 --- [    Test worker] o.s.t.web.servlet.TestDispatcherServlet  : Completed initialization in 0 ms
2021-05-31 20:11:22.375  INFO 13245 --- [    Test worker] o.s.mock.web.MockServletContext          : Initializing Spring TestDispatcherServlet ''
2021-05-31 20:11:22.375  INFO 13245 --- [    Test worker] o.s.t.web.servlet.TestDispatcherServlet  : Initializing Servlet ''
2021-05-31 20:11:22.375  INFO 13245 --- [    Test worker] o.s.t.web.servlet.TestDispatcherServlet  : Completed initialization in 0 ms
2021-05-31 20:11:22.478  INFO 13245 --- [    Test worker] o.s.mock.web.MockServletContext          : Initializing Spring TestDispatcherServlet ''
2021-05-31 20:11:22.479  INFO 13245 --- [    Test worker] o.s.t.web.servlet.TestDispatcherServlet  : Initializing Servlet ''
2021-05-31 20:11:22.479  INFO 13245 --- [    Test worker] o.s.t.web.servlet.TestDispatcherServlet  : Completed initialization in 0 ms
]]></system-out>
  <system-err><![CDATA[]]></system-err>
</testsuite>
